(63, array([63]))
(77, array([77]))
(90, array([90]))
(103, array([103]))
(70, array([70]))
(80, array([80]))
(95, array([95]))
(113, array([113]))
(25, array([ 25, 153]))
(29, array([ 29, 157]))
(47, array([ 47, 175]))
(49, array([ 49, 177]))
(53, array([53]))
(61, array([61]))
(71, array([71]))
(73, array([73]))
(79, array([79]))
(81, array([81]))
(82, array([82]))
(86, array([86]))
(93, array([93]))
(99, array([99]))
(102, array([102]))
(104, array([104]))
(111, array([111]))
(123, array([123]))
(11, array([ 11, 139]))
(13, array([ 13, 141]))
(17, array([ 17, 145]))
(20, array([ 20, 148]))
(26, array([ 26, 154]))
(57, array([57]))
(62, array([62]))
(67, array([67]))
(91, array([91]))
(105, array([105]))
(118, array([118]))
(8, array([  8, 136]))
(9, array([  9, 137]))
(7, array([  7, 135]))
(33, array([ 33, 161]))
(23, array([ 23, 151]))
(42, array([ 42, 170]))
(41, array([ 41, 169]))
(100, array([100]))
(97, array([97]))
(31, array([ 31, 159]))
(88, array([88]))
(0, array([  0, 128]))
(127, array([127]))
(28, array([ 28, 156]))
(108, array([108]))
(69, array([69]))
(116, array([116]))
(24, array([ 24, 152]))
(4, array([  4, 132]))
(112, array([112]))
(36, array([ 36, 164]))
(76, array([76]))
(51, array([ 51, 179]))
(32, array([ 32, 160]))
(115, array([115]))
(56, array([56]))
(48, array([ 48, 176]))
(50, array([ 50, 178]))
(72, array([72]))
(110, array([110]))
(6, array([  6, 134]))
(35, array([ 35, 163]))
(125, array([125]))
(85, array([85]))
(109, array([109]))
(94, array([94]))
(46, array([ 46, 174]))
(78, array([78]))
(40, array([ 40, 168]))
(117, array([117]))
(34, array([ 34, 162]))
(2, array([  2, 130]))
(59, array([59]))
(43, array([ 43, 171]))
(101, array([101]))
(52, array([52]))
(122, array([122]))
(126, array([126]))
(19, array([ 19, 147]))
(38, array([ 38, 166]))
(60, array([60]))
(27, array([ 27, 155]))
(15, array([ 15, 143]))
(58, array([58]))
(121, array([121]))
(87, array([87]))
(16, array([ 16, 144]))
(12, array([ 12, 140]))
(64, array([64]))
(45, array([ 45, 173]))
(5, array([  5, 133]))
(92, array([92]))
(18, array([ 18, 146]))
(106, array([106]))
(1, array([  1, 129]))
(114, array([114]))
(98, array([98]))
(89, array([89]))
(54, array([54]))
(21, array([ 21, 149]))
(3, array([  3, 131]))
(107, array([107]))
(124, array([124]))
(14, array([ 14, 142]))
(68, array([68]))
(22, array([ 22, 150]))
(96, array([96]))
(83, array([83]))
(65, array([65]))
(75, array([75]))
(120, array([120]))
(55, array([55]))
(39, array([ 39, 167]))
(119, array([119]))
(30, array([ 30, 158]))
(37, array([ 37, 165]))
(66, array([66]))
(74, array([74]))
(44, array([ 44, 172]))
(84, array([84]))
(10, array([ 10, 138]))
/gpfs/home2/rdpunder/FinalTestingLSPS/Inflation/02Scores/ScoringRules.py:104: IntegrationWarning: The occurrence of roundoff error is detected, which prevents 
  the requested tolerance from being achieved.  The error may be 
  underestimated.
  vFwNorm[vIntR[i]] = (integrate.quad(lambda x:  (dictDistr['randDistr'].pdf(x) * dictW['fW'](x, dictW['vParamsW'], vR[vIntR[i]]))**dAlpha, dictW['vParamsW']-vR[vIntR[i]], dictW['vParamsW']+vR[vIntR[i]],epsabs=1e-15, epsrel=1e-15, limit=100)[0])**(1/dAlpha)
/gpfs/home2/rdpunder/FinalTestingLSPS/Inflation/02Scores/ScoringRules.py:104: IntegrationWarning: The occurrence of roundoff error is detected, which prevents 
  the requested tolerance from being achieved.  The error may be 
  underestimated.
  vFwNorm[vIntR[i]] = (integrate.quad(lambda x:  (dictDistr['randDistr'].pdf(x) * dictW['fW'](x, dictW['vParamsW'], vR[vIntR[i]]))**dAlpha, dictW['vParamsW']-vR[vIntR[i]], dictW['vParamsW']+vR[vIntR[i]],epsabs=1e-15, epsrel=1e-15, limit=100)[0])**(1/dAlpha)
/gpfs/home2/rdpunder/FinalTestingLSPS/Inflation/02Scores/ScoringRules.py:104: IntegrationWarning: The occurrence of roundoff error is detected, which prevents 
  the requested tolerance from being achieved.  The error may be 
  underestimated.
  vFwNorm[vIntR[i]] = (integrate.quad(lambda x:  (dictDistr['randDistr'].pdf(x) * dictW['fW'](x, dictW['vParamsW'], vR[vIntR[i]]))**dAlpha, dictW['vParamsW']-vR[vIntR[i]], dictW['vParamsW']+vR[vIntR[i]],epsabs=1e-15, epsrel=1e-15, limit=100)[0])**(1/dAlpha)
/gpfs/home2/rdpunder/FinalTestingLSPS/Inflation/02Scores/ScoringRules.py:104: IntegrationWarning: The occurrence of roundoff error is detected, which prevents 
  the requested tolerance from being achieved.  The error may be 
  underestimated.
  vFwNorm[vIntR[i]] = (integrate.quad(lambda x:  (dictDistr['randDistr'].pdf(x) * dictW['fW'](x, dictW['vParamsW'], vR[vIntR[i]]))**dAlpha, dictW['vParamsW']-vR[vIntR[i]], dictW['vParamsW']+vR[vIntR[i]],epsabs=1e-15, epsrel=1e-15, limit=100)[0])**(1/dAlpha)
/gpfs/home2/rdpunder/FinalTestingLSPS/Inflation/02Scores/ScoringRules.py:104: IntegrationWarning: The occurrence of roundoff error is detected, which prevents 
  the requested tolerance from being achieved.  The error may be 
  underestimated.
  vFwNorm[vIntR[i]] = (integrate.quad(lambda x:  (dictDistr['randDistr'].pdf(x) * dictW['fW'](x, dictW['vParamsW'], vR[vIntR[i]]))**dAlpha, dictW['vParamsW']-vR[vIntR[i]], dictW['vParamsW']+vR[vIntR[i]],epsabs=1e-15, epsrel=1e-15, limit=100)[0])**(1/dAlpha)
/gpfs/home2/rdpunder/FinalTestingLSPS/Inflation/02Scores/ScoringRules.py:104: IntegrationWarning: The occurrence of roundoff error is detected, which prevents 
  the requested tolerance from being achieved.  The error may be 
  underestimated.
  vFwNorm[vIntR[i]] = (integrate.quad(lambda x:  (dictDistr['randDistr'].pdf(x) * dictW['fW'](x, dictW['vParamsW'], vR[vIntR[i]]))**dAlpha, dictW['vParamsW']-vR[vIntR[i]], dictW['vParamsW']+vR[vIntR[i]],epsabs=1e-15, epsrel=1e-15, limit=100)[0])**(1/dAlpha)
/gpfs/home2/rdpunder/FinalTestingLSPS/Inflation/02Scores/ScoringRules.py:104: IntegrationWarning: The occurrence of roundoff error is detected, which prevents 
  the requested tolerance from being achieved.  The error may be 
  underestimated.
  vFwNorm[vIntR[i]] = (integrate.quad(lambda x:  (dictDistr['randDistr'].pdf(x) * dictW['fW'](x, dictW['vParamsW'], vR[vIntR[i]]))**dAlpha, dictW['vParamsW']-vR[vIntR[i]], dictW['vParamsW']+vR[vIntR[i]],epsabs=1e-15, epsrel=1e-15, limit=100)[0])**(1/dAlpha)
/gpfs/home2/rdpunder/FinalTestingLSPS/Inflation/02Scores/ScoringRules.py:104: IntegrationWarning: The occurrence of roundoff error is detected, which prevents 
  the requested tolerance from being achieved.  The error may be 
  underestimated.
  vFwNorm[vIntR[i]] = (integrate.quad(lambda x:  (dictDistr['randDistr'].pdf(x) * dictW['fW'](x, dictW['vParamsW'], vR[vIntR[i]]))**dAlpha, dictW['vParamsW']-vR[vIntR[i]], dictW['vParamsW']+vR[vIntR[i]],epsabs=1e-15, epsrel=1e-15, limit=100)[0])**(1/dAlpha)
/gpfs/home2/rdpunder/FinalTestingLSPS/Inflation/02Scores/ScoringRules.py:104: IntegrationWarning: The occurrence of roundoff error is detected, which prevents 
  the requested tolerance from being achieved.  The error may be 
  underestimated.
  vFwNorm[vIntR[i]] = (integrate.quad(lambda x:  (dictDistr['randDistr'].pdf(x) * dictW['fW'](x, dictW['vParamsW'], vR[vIntR[i]]))**dAlpha, dictW['vParamsW']-vR[vIntR[i]], dictW['vParamsW']+vR[vIntR[i]],epsabs=1e-15, epsrel=1e-15, limit=100)[0])**(1/dAlpha)
/gpfs/home2/rdpunder/FinalTestingLSPS/Inflation/02Scores/ScoringRules.py:104: IntegrationWarning: The occurrence of roundoff error is detected, which prevents 
  the requested tolerance from being achieved.  The error may be 
  underestimated.
  vFwNorm[vIntR[i]] = (integrate.quad(lambda x:  (dictDistr['randDistr'].pdf(x) * dictW['fW'](x, dictW['vParamsW'], vR[vIntR[i]]))**dAlpha, dictW['vParamsW']-vR[vIntR[i]], dictW['vParamsW']+vR[vIntR[i]],epsabs=1e-15, epsrel=1e-15, limit=100)[0])**(1/dAlpha)
/gpfs/home2/rdpunder/FinalTestingLSPS/Inflation/02Scores/ScoringRules.py:104: IntegrationWarning: The occurrence of roundoff error is detected, which prevents 
  the requested tolerance from being achieved.  The error may be 
  underestimated.
  vFwNorm[vIntR[i]] = (integrate.quad(lambda x:  (dictDistr['randDistr'].pdf(x) * dictW['fW'](x, dictW['vParamsW'], vR[vIntR[i]]))**dAlpha, dictW['vParamsW']-vR[vIntR[i]], dictW['vParamsW']+vR[vIntR[i]],epsabs=1e-15, epsrel=1e-15, limit=100)[0])**(1/dAlpha)
/gpfs/home2/rdpunder/FinalTestingLSPS/Inflation/02Scores/ScoringRules.py:104: IntegrationWarning: The occurrence of roundoff error is detected, which prevents 
  the requested tolerance from being achieved.  The error may be 
  underestimated.
  vFwNorm[vIntR[i]] = (integrate.quad(lambda x:  (dictDistr['randDistr'].pdf(x) * dictW['fW'](x, dictW['vParamsW'], vR[vIntR[i]]))**dAlpha, dictW['vParamsW']-vR[vIntR[i]], dictW['vParamsW']+vR[vIntR[i]],epsabs=1e-15, epsrel=1e-15, limit=100)[0])**(1/dAlpha)
/gpfs/home2/rdpunder/FinalTestingLSPS/Inflation/02Scores/ScoringRules.py:104: IntegrationWarning: The occurrence of roundoff error is detected, which prevents 
  the requested tolerance from being achieved.  The error may be 
  underestimated.
  vFwNorm[vIntR[i]] = (integrate.quad(lambda x:  (dictDistr['randDistr'].pdf(x) * dictW['fW'](x, dictW['vParamsW'], vR[vIntR[i]]))**dAlpha, dictW['vParamsW']-vR[vIntR[i]], dictW['vParamsW']+vR[vIntR[i]],epsabs=1e-15, epsrel=1e-15, limit=100)[0])**(1/dAlpha)
/gpfs/home2/rdpunder/FinalTestingLSPS/Inflation/02Scores/ScoringRules.py:104: IntegrationWarning: The occurrence of roundoff error is detected, which prevents 
  the requested tolerance from being achieved.  The error may be 
  underestimated.
  vFwNorm[vIntR[i]] = (integrate.quad(lambda x:  (dictDistr['randDistr'].pdf(x) * dictW['fW'](x, dictW['vParamsW'], vR[vIntR[i]]))**dAlpha, dictW['vParamsW']-vR[vIntR[i]], dictW['vParamsW']+vR[vIntR[i]],epsabs=1e-15, epsrel=1e-15, limit=100)[0])**(1/dAlpha)
/gpfs/home2/rdpunder/FinalTestingLSPS/Inflation/02Scores/ScoringRules.py:104: IntegrationWarning: The occurrence of roundoff error is detected, which prevents 
  the requested tolerance from being achieved.  The error may be 
  underestimated.
  vFwNorm[vIntR[i]] = (integrate.quad(lambda x:  (dictDistr['randDistr'].pdf(x) * dictW['fW'](x, dictW['vParamsW'], vR[vIntR[i]]))**dAlpha, dictW['vParamsW']-vR[vIntR[i]], dictW['vParamsW']+vR[vIntR[i]],epsabs=1e-15, epsrel=1e-15, limit=100)[0])**(1/dAlpha)
/gpfs/home2/rdpunder/FinalTestingLSPS/Inflation/02Scores/ScoringRules.py:104: IntegrationWarning: The occurrence of roundoff error is detected, which prevents 
  the requested tolerance from being achieved.  The error may be 
  underestimated.
  vFwNorm[vIntR[i]] = (integrate.quad(lambda x:  (dictDistr['randDistr'].pdf(x) * dictW['fW'](x, dictW['vParamsW'], vR[vIntR[i]]))**dAlpha, dictW['vParamsW']-vR[vIntR[i]], dictW['vParamsW']+vR[vIntR[i]],epsabs=1e-15, epsrel=1e-15, limit=100)[0])**(1/dAlpha)
/gpfs/home2/rdpunder/FinalTestingLSPS/Inflation/02Scores/ScoringRules.py:104: IntegrationWarning: The occurrence of roundoff error is detected, which prevents 
  the requested tolerance from being achieved.  The error may be 
  underestimated.
  vFwNorm[vIntR[i]] = (integrate.quad(lambda x:  (dictDistr['randDistr'].pdf(x) * dictW['fW'](x, dictW['vParamsW'], vR[vIntR[i]]))**dAlpha, dictW['vParamsW']-vR[vIntR[i]], dictW['vParamsW']+vR[vIntR[i]],epsabs=1e-15, epsrel=1e-15, limit=100)[0])**(1/dAlpha)
/gpfs/home2/rdpunder/FinalTestingLSPS/Inflation/02Scores/ScoringRules.py:104: IntegrationWarning: The occurrence of roundoff error is detected, which prevents 
  the requested tolerance from being achieved.  The error may be 
  underestimated.
  vFwNorm[vIntR[i]] = (integrate.quad(lambda x:  (dictDistr['randDistr'].pdf(x) * dictW['fW'](x, dictW['vParamsW'], vR[vIntR[i]]))**dAlpha, dictW['vParamsW']-vR[vIntR[i]], dictW['vParamsW']+vR[vIntR[i]],epsabs=1e-15, epsrel=1e-15, limit=100)[0])**(1/dAlpha)
/gpfs/home2/rdpunder/FinalTestingLSPS/Inflation/02Scores/ScoringRules.py:104: IntegrationWarning: The occurrence of roundoff error is detected, which prevents 
  the requested tolerance from being achieved.  The error may be 
  underestimated.
  vFwNorm[vIntR[i]] = (integrate.quad(lambda x:  (dictDistr['randDistr'].pdf(x) * dictW['fW'](x, dictW['vParamsW'], vR[vIntR[i]]))**dAlpha, dictW['vParamsW']-vR[vIntR[i]], dictW['vParamsW']+vR[vIntR[i]],epsabs=1e-15, epsrel=1e-15, limit=100)[0])**(1/dAlpha)
/gpfs/home2/rdpunder/FinalTestingLSPS/Inflation/02Scores/ScoringRules.py:104: IntegrationWarning: The occurrence of roundoff error is detected, which prevents 
  the requested tolerance from being achieved.  The error may be 
  underestimated.
  vFwNorm[vIntR[i]] = (integrate.quad(lambda x:  (dictDistr['randDistr'].pdf(x) * dictW['fW'](x, dictW['vParamsW'], vR[vIntR[i]]))**dAlpha, dictW['vParamsW']-vR[vIntR[i]], dictW['vParamsW']+vR[vIntR[i]],epsabs=1e-15, epsrel=1e-15, limit=100)[0])**(1/dAlpha)
/gpfs/home2/rdpunder/FinalTestingLSPS/Inflation/02Scores/ScoringRules.py:104: IntegrationWarning: The occurrence of roundoff error is detected, which prevents 
  the requested tolerance from being achieved.  The error may be 
  underestimated.
  vFwNorm[vIntR[i]] = (integrate.quad(lambda x:  (dictDistr['randDistr'].pdf(x) * dictW['fW'](x, dictW['vParamsW'], vR[vIntR[i]]))**dAlpha, dictW['vParamsW']-vR[vIntR[i]], dictW['vParamsW']+vR[vIntR[i]],epsabs=1e-15, epsrel=1e-15, limit=100)[0])**(1/dAlpha)
/gpfs/home2/rdpunder/FinalTestingLSPS/Inflation/02Scores/ScoringRules.py:104: IntegrationWarning: The occurrence of roundoff error is detected, which prevents 
  the requested tolerance from being achieved.  The error may be 
  underestimated.
  vFwNorm[vIntR[i]] = (integrate.quad(lambda x:  (dictDistr['randDistr'].pdf(x) * dictW['fW'](x, dictW['vParamsW'], vR[vIntR[i]]))**dAlpha, dictW['vParamsW']-vR[vIntR[i]], dictW['vParamsW']+vR[vIntR[i]],epsabs=1e-15, epsrel=1e-15, limit=100)[0])**(1/dAlpha)
/gpfs/home2/rdpunder/FinalTestingLSPS/Inflation/02Scores/ScoringRules.py:104: IntegrationWarning: The occurrence of roundoff error is detected, which prevents 
  the requested tolerance from being achieved.  The error may be 
  underestimated.
  vFwNorm[vIntR[i]] = (integrate.quad(lambda x:  (dictDistr['randDistr'].pdf(x) * dictW['fW'](x, dictW['vParamsW'], vR[vIntR[i]]))**dAlpha, dictW['vParamsW']-vR[vIntR[i]], dictW['vParamsW']+vR[vIntR[i]],epsabs=1e-15, epsrel=1e-15, limit=100)[0])**(1/dAlpha)
/gpfs/home2/rdpunder/FinalTestingLSPS/Inflation/02Scores/ScoringRules.py:104: IntegrationWarning: The occurrence of roundoff error is detected, which prevents 
  the requested tolerance from being achieved.  The error may be 
  underestimated.
  vFwNorm[vIntR[i]] = (integrate.quad(lambda x:  (dictDistr['randDistr'].pdf(x) * dictW['fW'](x, dictW['vParamsW'], vR[vIntR[i]]))**dAlpha, dictW['vParamsW']-vR[vIntR[i]], dictW['vParamsW']+vR[vIntR[i]],epsabs=1e-15, epsrel=1e-15, limit=100)[0])**(1/dAlpha)
/gpfs/home2/rdpunder/FinalTestingLSPS/Inflation/02Scores/ScoringRules.py:104: IntegrationWarning: The occurrence of roundoff error is detected, which prevents 
  the requested tolerance from being achieved.  The error may be 
  underestimated.
  vFwNorm[vIntR[i]] = (integrate.quad(lambda x:  (dictDistr['randDistr'].pdf(x) * dictW['fW'](x, dictW['vParamsW'], vR[vIntR[i]]))**dAlpha, dictW['vParamsW']-vR[vIntR[i]], dictW['vParamsW']+vR[vIntR[i]],epsabs=1e-15, epsrel=1e-15, limit=100)[0])**(1/dAlpha)
/gpfs/home2/rdpunder/FinalTestingLSPS/Inflation/02Scores/ScoringRules.py:104: IntegrationWarning: The occurrence of roundoff error is detected, which prevents 
  the requested tolerance from being achieved.  The error may be 
  underestimated.
  vFwNorm[vIntR[i]] = (integrate.quad(lambda x:  (dictDistr['randDistr'].pdf(x) * dictW['fW'](x, dictW['vParamsW'], vR[vIntR[i]]))**dAlpha, dictW['vParamsW']-vR[vIntR[i]], dictW['vParamsW']+vR[vIntR[i]],epsabs=1e-15, epsrel=1e-15, limit=100)[0])**(1/dAlpha)
/gpfs/home2/rdpunder/FinalTestingLSPS/Inflation/02Scores/ScoringRules.py:104: IntegrationWarning: The occurrence of roundoff error is detected, which prevents 
  the requested tolerance from being achieved.  The error may be 
  underestimated.
  vFwNorm[vIntR[i]] = (integrate.quad(lambda x:  (dictDistr['randDistr'].pdf(x) * dictW['fW'](x, dictW['vParamsW'], vR[vIntR[i]]))**dAlpha, dictW['vParamsW']-vR[vIntR[i]], dictW['vParamsW']+vR[vIntR[i]],epsabs=1e-15, epsrel=1e-15, limit=100)[0])**(1/dAlpha)
/gpfs/home2/rdpunder/FinalTestingLSPS/Inflation/02Scores/ScoringRules.py:104: IntegrationWarning: The occurrence of roundoff error is detected, which prevents 
  the requested tolerance from being achieved.  The error may be 
  underestimated.
  vFwNorm[vIntR[i]] = (integrate.quad(lambda x:  (dictDistr['randDistr'].pdf(x) * dictW['fW'](x, dictW['vParamsW'], vR[vIntR[i]]))**dAlpha, dictW['vParamsW']-vR[vIntR[i]], dictW['vParamsW']+vR[vIntR[i]],epsabs=1e-15, epsrel=1e-15, limit=100)[0])**(1/dAlpha)
/gpfs/home2/rdpunder/FinalTestingLSPS/Inflation/02Scores/ScoringRules.py:104: IntegrationWarning: The occurrence of roundoff error is detected, which prevents 
  the requested tolerance from being achieved.  The error may be 
  underestimated.
  vFwNorm[vIntR[i]] = (integrate.quad(lambda x:  (dictDistr['randDistr'].pdf(x) * dictW['fW'](x, dictW['vParamsW'], vR[vIntR[i]]))**dAlpha, dictW['vParamsW']-vR[vIntR[i]], dictW['vParamsW']+vR[vIntR[i]],epsabs=1e-15, epsrel=1e-15, limit=100)[0])**(1/dAlpha)
/gpfs/home2/rdpunder/FinalTestingLSPS/Inflation/02Scores/ScoringRules.py:104: IntegrationWarning: The occurrence of roundoff error is detected, which prevents 
  the requested tolerance from being achieved.  The error may be 
  underestimated.
  vFwNorm[vIntR[i]] = (integrate.quad(lambda x:  (dictDistr['randDistr'].pdf(x) * dictW['fW'](x, dictW['vParamsW'], vR[vIntR[i]]))**dAlpha, dictW['vParamsW']-vR[vIntR[i]], dictW['vParamsW']+vR[vIntR[i]],epsabs=1e-15, epsrel=1e-15, limit=100)[0])**(1/dAlpha)
/gpfs/home2/rdpunder/FinalTestingLSPS/Inflation/02Scores/ScoringRules.py:104: IntegrationWarning: The occurrence of roundoff error is detected, which prevents 
  the requested tolerance from being achieved.  The error may be 
  underestimated.
  vFwNorm[vIntR[i]] = (integrate.quad(lambda x:  (dictDistr['randDistr'].pdf(x) * dictW['fW'](x, dictW['vParamsW'], vR[vIntR[i]]))**dAlpha, dictW['vParamsW']-vR[vIntR[i]], dictW['vParamsW']+vR[vIntR[i]],epsabs=1e-15, epsrel=1e-15, limit=100)[0])**(1/dAlpha)
/gpfs/home2/rdpunder/FinalTestingLSPS/Inflation/02Scores/ScoringRules.py:104: IntegrationWarning: The occurrence of roundoff error is detected, which prevents 
  the requested tolerance from being achieved.  The error may be 
  underestimated.
  vFwNorm[vIntR[i]] = (integrate.quad(lambda x:  (dictDistr['randDistr'].pdf(x) * dictW['fW'](x, dictW['vParamsW'], vR[vIntR[i]]))**dAlpha, dictW['vParamsW']-vR[vIntR[i]], dictW['vParamsW']+vR[vIntR[i]],epsabs=1e-15, epsrel=1e-15, limit=100)[0])**(1/dAlpha)
/gpfs/home2/rdpunder/FinalTestingLSPS/Inflation/02Scores/ScoringRules.py:104: IntegrationWarning: The occurrence of roundoff error is detected, which prevents 
  the requested tolerance from being achieved.  The error may be 
  underestimated.
  vFwNorm[vIntR[i]] = (integrate.quad(lambda x:  (dictDistr['randDistr'].pdf(x) * dictW['fW'](x, dictW['vParamsW'], vR[vIntR[i]]))**dAlpha, dictW['vParamsW']-vR[vIntR[i]], dictW['vParamsW']+vR[vIntR[i]],epsabs=1e-15, epsrel=1e-15, limit=100)[0])**(1/dAlpha)
/gpfs/home2/rdpunder/FinalTestingLSPS/Inflation/02Scores/ScoringRules.py:104: IntegrationWarning: The occurrence of roundoff error is detected, which prevents 
  the requested tolerance from being achieved.  The error may be 
  underestimated.
  vFwNorm[vIntR[i]] = (integrate.quad(lambda x:  (dictDistr['randDistr'].pdf(x) * dictW['fW'](x, dictW['vParamsW'], vR[vIntR[i]]))**dAlpha, dictW['vParamsW']-vR[vIntR[i]], dictW['vParamsW']+vR[vIntR[i]],epsabs=1e-15, epsrel=1e-15, limit=100)[0])**(1/dAlpha)
/gpfs/home2/rdpunder/FinalTestingLSPS/Inflation/02Scores/ScoringRules.py:104: IntegrationWarning: The occurrence of roundoff error is detected, which prevents 
  the requested tolerance from being achieved.  The error may be 
  underestimated.
  vFwNorm[vIntR[i]] = (integrate.quad(lambda x:  (dictDistr['randDistr'].pdf(x) * dictW['fW'](x, dictW['vParamsW'], vR[vIntR[i]]))**dAlpha, dictW['vParamsW']-vR[vIntR[i]], dictW['vParamsW']+vR[vIntR[i]],epsabs=1e-15, epsrel=1e-15, limit=100)[0])**(1/dAlpha)
/gpfs/home2/rdpunder/FinalTestingLSPS/Inflation/02Scores/ScoringRules.py:104: IntegrationWarning: The occurrence of roundoff error is detected, which prevents 
  the requested tolerance from being achieved.  The error may be 
  underestimated.
  vFwNorm[vIntR[i]] = (integrate.quad(lambda x:  (dictDistr['randDistr'].pdf(x) * dictW['fW'](x, dictW['vParamsW'], vR[vIntR[i]]))**dAlpha, dictW['vParamsW']-vR[vIntR[i]], dictW['vParamsW']+vR[vIntR[i]],epsabs=1e-15, epsrel=1e-15, limit=100)[0])**(1/dAlpha)
/gpfs/home2/rdpunder/FinalTestingLSPS/Inflation/02Scores/ScoringRules.py:104: IntegrationWarning: The occurrence of roundoff error is detected, which prevents 
  the requested tolerance from being achieved.  The error may be 
  underestimated.
  vFwNorm[vIntR[i]] = (integrate.quad(lambda x:  (dictDistr['randDistr'].pdf(x) * dictW['fW'](x, dictW['vParamsW'], vR[vIntR[i]]))**dAlpha, dictW['vParamsW']-vR[vIntR[i]], dictW['vParamsW']+vR[vIntR[i]],epsabs=1e-15, epsrel=1e-15, limit=100)[0])**(1/dAlpha)
/gpfs/home2/rdpunder/FinalTestingLSPS/Inflation/02Scores/ScoringRules.py:104: IntegrationWarning: The occurrence of roundoff error is detected, which prevents 
  the requested tolerance from being achieved.  The error may be 
  underestimated.
  vFwNorm[vIntR[i]] = (integrate.quad(lambda x:  (dictDistr['randDistr'].pdf(x) * dictW['fW'](x, dictW['vParamsW'], vR[vIntR[i]]))**dAlpha, dictW['vParamsW']-vR[vIntR[i]], dictW['vParamsW']+vR[vIntR[i]],epsabs=1e-15, epsrel=1e-15, limit=100)[0])**(1/dAlpha)
/gpfs/home2/rdpunder/FinalTestingLSPS/Inflation/02Scores/ScoringRules.py:104: IntegrationWarning: The occurrence of roundoff error is detected, which prevents 
  the requested tolerance from being achieved.  The error may be 
  underestimated.
  vFwNorm[vIntR[i]] = (integrate.quad(lambda x:  (dictDistr['randDistr'].pdf(x) * dictW['fW'](x, dictW['vParamsW'], vR[vIntR[i]]))**dAlpha, dictW['vParamsW']-vR[vIntR[i]], dictW['vParamsW']+vR[vIntR[i]],epsabs=1e-15, epsrel=1e-15, limit=100)[0])**(1/dAlpha)
/gpfs/home2/rdpunder/FinalTestingLSPS/Inflation/02Scores/ScoringRules.py:104: IntegrationWarning: The occurrence of roundoff error is detected, which prevents 
  the requested tolerance from being achieved.  The error may be 
  underestimated.
  vFwNorm[vIntR[i]] = (integrate.quad(lambda x:  (dictDistr['randDistr'].pdf(x) * dictW['fW'](x, dictW['vParamsW'], vR[vIntR[i]]))**dAlpha, dictW['vParamsW']-vR[vIntR[i]], dictW['vParamsW']+vR[vIntR[i]],epsabs=1e-15, epsrel=1e-15, limit=100)[0])**(1/dAlpha)
/gpfs/home2/rdpunder/FinalTestingLSPS/Inflation/02Scores/ScoringRules.py:104: IntegrationWarning: The occurrence of roundoff error is detected, which prevents 
  the requested tolerance from being achieved.  The error may be 
  underestimated.
  vFwNorm[vIntR[i]] = (integrate.quad(lambda x:  (dictDistr['randDistr'].pdf(x) * dictW['fW'](x, dictW['vParamsW'], vR[vIntR[i]]))**dAlpha, dictW['vParamsW']-vR[vIntR[i]], dictW['vParamsW']+vR[vIntR[i]],epsabs=1e-15, epsrel=1e-15, limit=100)[0])**(1/dAlpha)
/gpfs/home2/rdpunder/FinalTestingLSPS/Inflation/02Scores/ScoringRules.py:104: IntegrationWarning: The occurrence of roundoff error is detected, which prevents 
  the requested tolerance from being achieved.  The error may be 
  underestimated.
  vFwNorm[vIntR[i]] = (integrate.quad(lambda x:  (dictDistr['randDistr'].pdf(x) * dictW['fW'](x, dictW['vParamsW'], vR[vIntR[i]]))**dAlpha, dictW['vParamsW']-vR[vIntR[i]], dictW['vParamsW']+vR[vIntR[i]],epsabs=1e-15, epsrel=1e-15, limit=100)[0])**(1/dAlpha)
/gpfs/home2/rdpunder/FinalTestingLSPS/Inflation/02Scores/ScoringRules.py:104: IntegrationWarning: The occurrence of roundoff error is detected, which prevents 
  the requested tolerance from being achieved.  The error may be 
  underestimated.
  vFwNorm[vIntR[i]] = (integrate.quad(lambda x:  (dictDistr['randDistr'].pdf(x) * dictW['fW'](x, dictW['vParamsW'], vR[vIntR[i]]))**dAlpha, dictW['vParamsW']-vR[vIntR[i]], dictW['vParamsW']+vR[vIntR[i]],epsabs=1e-15, epsrel=1e-15, limit=100)[0])**(1/dAlpha)
/gpfs/home2/rdpunder/FinalTestingLSPS/Inflation/02Scores/ScoringRules.py:104: IntegrationWarning: The occurrence of roundoff error is detected, which prevents 
  the requested tolerance from being achieved.  The error may be 
  underestimated.
  vFwNorm[vIntR[i]] = (integrate.quad(lambda x:  (dictDistr['randDistr'].pdf(x) * dictW['fW'](x, dictW['vParamsW'], vR[vIntR[i]]))**dAlpha, dictW['vParamsW']-vR[vIntR[i]], dictW['vParamsW']+vR[vIntR[i]],epsabs=1e-15, epsrel=1e-15, limit=100)[0])**(1/dAlpha)
/gpfs/home2/rdpunder/FinalTestingLSPS/Inflation/02Scores/ScoringRules.py:104: IntegrationWarning: The occurrence of roundoff error is detected, which prevents 
  the requested tolerance from being achieved.  The error may be 
  underestimated.
  vFwNorm[vIntR[i]] = (integrate.quad(lambda x:  (dictDistr['randDistr'].pdf(x) * dictW['fW'](x, dictW['vParamsW'], vR[vIntR[i]]))**dAlpha, dictW['vParamsW']-vR[vIntR[i]], dictW['vParamsW']+vR[vIntR[i]],epsabs=1e-15, epsrel=1e-15, limit=100)[0])**(1/dAlpha)
/gpfs/home2/rdpunder/FinalTestingLSPS/Inflation/02Scores/ScoringRules.py:104: IntegrationWarning: The occurrence of roundoff error is detected, which prevents 
  the requested tolerance from being achieved.  The error may be 
  underestimated.
  vFwNorm[vIntR[i]] = (integrate.quad(lambda x:  (dictDistr['randDistr'].pdf(x) * dictW['fW'](x, dictW['vParamsW'], vR[vIntR[i]]))**dAlpha, dictW['vParamsW']-vR[vIntR[i]], dictW['vParamsW']+vR[vIntR[i]],epsabs=1e-15, epsrel=1e-15, limit=100)[0])**(1/dAlpha)
/gpfs/home2/rdpunder/FinalTestingLSPS/Inflation/02Scores/ScoringRules.py:104: IntegrationWarning: The occurrence of roundoff error is detected, which prevents 
  the requested tolerance from being achieved.  The error may be 
  underestimated.
  vFwNorm[vIntR[i]] = (integrate.quad(lambda x:  (dictDistr['randDistr'].pdf(x) * dictW['fW'](x, dictW['vParamsW'], vR[vIntR[i]]))**dAlpha, dictW['vParamsW']-vR[vIntR[i]], dictW['vParamsW']+vR[vIntR[i]],epsabs=1e-15, epsrel=1e-15, limit=100)[0])**(1/dAlpha)
/gpfs/home2/rdpunder/FinalTestingLSPS/Inflation/02Scores/ScoringRules.py:104: IntegrationWarning: The occurrence of roundoff error is detected, which prevents 
  the requested tolerance from being achieved.  The error may be 
  underestimated.
  vFwNorm[vIntR[i]] = (integrate.quad(lambda x:  (dictDistr['randDistr'].pdf(x) * dictW['fW'](x, dictW['vParamsW'], vR[vIntR[i]]))**dAlpha, dictW['vParamsW']-vR[vIntR[i]], dictW['vParamsW']+vR[vIntR[i]],epsabs=1e-15, epsrel=1e-15, limit=100)[0])**(1/dAlpha)
/gpfs/home2/rdpunder/FinalTestingLSPS/Inflation/02Scores/ScoringRules.py:104: IntegrationWarning: The occurrence of roundoff error is detected, which prevents 
  the requested tolerance from being achieved.  The error may be 
  underestimated.
  vFwNorm[vIntR[i]] = (integrate.quad(lambda x:  (dictDistr['randDistr'].pdf(x) * dictW['fW'](x, dictW['vParamsW'], vR[vIntR[i]]))**dAlpha, dictW['vParamsW']-vR[vIntR[i]], dictW['vParamsW']+vR[vIntR[i]],epsabs=1e-15, epsrel=1e-15, limit=100)[0])**(1/dAlpha)
/gpfs/home2/rdpunder/FinalTestingLSPS/Inflation/02Scores/ScoringRules.py:104: IntegrationWarning: The occurrence of roundoff error is detected, which prevents 
  the requested tolerance from being achieved.  The error may be 
  underestimated.
  vFwNorm[vIntR[i]] = (integrate.quad(lambda x:  (dictDistr['randDistr'].pdf(x) * dictW['fW'](x, dictW['vParamsW'], vR[vIntR[i]]))**dAlpha, dictW['vParamsW']-vR[vIntR[i]], dictW['vParamsW']+vR[vIntR[i]],epsabs=1e-15, epsrel=1e-15, limit=100)[0])**(1/dAlpha)
/gpfs/home2/rdpunder/FinalTestingLSPS/Inflation/02Scores/ScoringRules.py:104: IntegrationWarning: The occurrence of roundoff error is detected, which prevents 
  the requested tolerance from being achieved.  The error may be 
  underestimated.
  vFwNorm[vIntR[i]] = (integrate.quad(lambda x:  (dictDistr['randDistr'].pdf(x) * dictW['fW'](x, dictW['vParamsW'], vR[vIntR[i]]))**dAlpha, dictW['vParamsW']-vR[vIntR[i]], dictW['vParamsW']+vR[vIntR[i]],epsabs=1e-15, epsrel=1e-15, limit=100)[0])**(1/dAlpha)
/gpfs/home2/rdpunder/FinalTestingLSPS/Inflation/02Scores/ScoringRules.py:104: IntegrationWarning: The occurrence of roundoff error is detected, which prevents 
  the requested tolerance from being achieved.  The error may be 
  underestimated.
  vFwNorm[vIntR[i]] = (integrate.quad(lambda x:  (dictDistr['randDistr'].pdf(x) * dictW['fW'](x, dictW['vParamsW'], vR[vIntR[i]]))**dAlpha, dictW['vParamsW']-vR[vIntR[i]], dictW['vParamsW']+vR[vIntR[i]],epsabs=1e-15, epsrel=1e-15, limit=100)[0])**(1/dAlpha)
/gpfs/home2/rdpunder/FinalTestingLSPS/Inflation/02Scores/ScoringRules.py:104: IntegrationWarning: The occurrence of roundoff error is detected, which prevents 
  the requested tolerance from being achieved.  The error may be 
  underestimated.
  vFwNorm[vIntR[i]] = (integrate.quad(lambda x:  (dictDistr['randDistr'].pdf(x) * dictW['fW'](x, dictW['vParamsW'], vR[vIntR[i]]))**dAlpha, dictW['vParamsW']-vR[vIntR[i]], dictW['vParamsW']+vR[vIntR[i]],epsabs=1e-15, epsrel=1e-15, limit=100)[0])**(1/dAlpha)
/gpfs/home2/rdpunder/FinalTestingLSPS/Inflation/02Scores/ScoringRules.py:104: IntegrationWarning: The occurrence of roundoff error is detected, which prevents 
  the requested tolerance from being achieved.  The error may be 
  underestimated.
  vFwNorm[vIntR[i]] = (integrate.quad(lambda x:  (dictDistr['randDistr'].pdf(x) * dictW['fW'](x, dictW['vParamsW'], vR[vIntR[i]]))**dAlpha, dictW['vParamsW']-vR[vIntR[i]], dictW['vParamsW']+vR[vIntR[i]],epsabs=1e-15, epsrel=1e-15, limit=100)[0])**(1/dAlpha)
/gpfs/home2/rdpunder/FinalTestingLSPS/Inflation/02Scores/ScoringRules.py:104: IntegrationWarning: The occurrence of roundoff error is detected, which prevents 
  the requested tolerance from being achieved.  The error may be 
  underestimated.
  vFwNorm[vIntR[i]] = (integrate.quad(lambda x:  (dictDistr['randDistr'].pdf(x) * dictW['fW'](x, dictW['vParamsW'], vR[vIntR[i]]))**dAlpha, dictW['vParamsW']-vR[vIntR[i]], dictW['vParamsW']+vR[vIntR[i]],epsabs=1e-15, epsrel=1e-15, limit=100)[0])**(1/dAlpha)
/gpfs/home2/rdpunder/FinalTestingLSPS/Inflation/02Scores/ScoringRules.py:104: IntegrationWarning: The occurrence of roundoff error is detected, which prevents 
  the requested tolerance from being achieved.  The error may be 
  underestimated.
  vFwNorm[vIntR[i]] = (integrate.quad(lambda x:  (dictDistr['randDistr'].pdf(x) * dictW['fW'](x, dictW['vParamsW'], vR[vIntR[i]]))**dAlpha, dictW['vParamsW']-vR[vIntR[i]], dictW['vParamsW']+vR[vIntR[i]],epsabs=1e-15, epsrel=1e-15, limit=100)[0])**(1/dAlpha)
/gpfs/home2/rdpunder/FinalTestingLSPS/Inflation/02Scores/ScoringRules.py:104: IntegrationWarning: The occurrence of roundoff error is detected, which prevents 
  the requested tolerance from being achieved.  The error may be 
  underestimated.
  vFwNorm[vIntR[i]] = (integrate.quad(lambda x:  (dictDistr['randDistr'].pdf(x) * dictW['fW'](x, dictW['vParamsW'], vR[vIntR[i]]))**dAlpha, dictW['vParamsW']-vR[vIntR[i]], dictW['vParamsW']+vR[vIntR[i]],epsabs=1e-15, epsrel=1e-15, limit=100)[0])**(1/dAlpha)
/gpfs/home2/rdpunder/FinalTestingLSPS/Inflation/02Scores/ScoringRules.py:104: IntegrationWarning: The occurrence of roundoff error is detected, which prevents 
  the requested tolerance from being achieved.  The error may be 
  underestimated.
  vFwNorm[vIntR[i]] = (integrate.quad(lambda x:  (dictDistr['randDistr'].pdf(x) * dictW['fW'](x, dictW['vParamsW'], vR[vIntR[i]]))**dAlpha, dictW['vParamsW']-vR[vIntR[i]], dictW['vParamsW']+vR[vIntR[i]],epsabs=1e-15, epsrel=1e-15, limit=100)[0])**(1/dAlpha)
/gpfs/home2/rdpunder/FinalTestingLSPS/Inflation/02Scores/ScoringRules.py:104: IntegrationWarning: The occurrence of roundoff error is detected, which prevents 
  the requested tolerance from being achieved.  The error may be 
  underestimated.
  vFwNorm[vIntR[i]] = (integrate.quad(lambda x:  (dictDistr['randDistr'].pdf(x) * dictW['fW'](x, dictW['vParamsW'], vR[vIntR[i]]))**dAlpha, dictW['vParamsW']-vR[vIntR[i]], dictW['vParamsW']+vR[vIntR[i]],epsabs=1e-15, epsrel=1e-15, limit=100)[0])**(1/dAlpha)
/gpfs/home2/rdpunder/FinalTestingLSPS/Inflation/02Scores/ScoringRules.py:104: IntegrationWarning: The occurrence of roundoff error is detected, which prevents 
  the requested tolerance from being achieved.  The error may be 
  underestimated.
  vFwNorm[vIntR[i]] = (integrate.quad(lambda x:  (dictDistr['randDistr'].pdf(x) * dictW['fW'](x, dictW['vParamsW'], vR[vIntR[i]]))**dAlpha, dictW['vParamsW']-vR[vIntR[i]], dictW['vParamsW']+vR[vIntR[i]],epsabs=1e-15, epsrel=1e-15, limit=100)[0])**(1/dAlpha)
/gpfs/home2/rdpunder/FinalTestingLSPS/Inflation/02Scores/ScoringRules.py:104: IntegrationWarning: The occurrence of roundoff error is detected, which prevents 
  the requested tolerance from being achieved.  The error may be 
  underestimated.
  vFwNorm[vIntR[i]] = (integrate.quad(lambda x:  (dictDistr['randDistr'].pdf(x) * dictW['fW'](x, dictW['vParamsW'], vR[vIntR[i]]))**dAlpha, dictW['vParamsW']-vR[vIntR[i]], dictW['vParamsW']+vR[vIntR[i]],epsabs=1e-15, epsrel=1e-15, limit=100)[0])**(1/dAlpha)
/gpfs/home2/rdpunder/FinalTestingLSPS/Inflation/02Scores/ScoringRules.py:104: IntegrationWarning: The occurrence of roundoff error is detected, which prevents 
  the requested tolerance from being achieved.  The error may be 
  underestimated.
  vFwNorm[vIntR[i]] = (integrate.quad(lambda x:  (dictDistr['randDistr'].pdf(x) * dictW['fW'](x, dictW['vParamsW'], vR[vIntR[i]]))**dAlpha, dictW['vParamsW']-vR[vIntR[i]], dictW['vParamsW']+vR[vIntR[i]],epsabs=1e-15, epsrel=1e-15, limit=100)[0])**(1/dAlpha)
/gpfs/home2/rdpunder/FinalTestingLSPS/Inflation/02Scores/ScoringRules.py:104: IntegrationWarning: The occurrence of roundoff error is detected, which prevents 
  the requested tolerance from being achieved.  The error may be 
  underestimated.
  vFwNorm[vIntR[i]] = (integrate.quad(lambda x:  (dictDistr['randDistr'].pdf(x) * dictW['fW'](x, dictW['vParamsW'], vR[vIntR[i]]))**dAlpha, dictW['vParamsW']-vR[vIntR[i]], dictW['vParamsW']+vR[vIntR[i]],epsabs=1e-15, epsrel=1e-15, limit=100)[0])**(1/dAlpha)
/gpfs/home2/rdpunder/FinalTestingLSPS/Inflation/02Scores/ScoringRules.py:104: IntegrationWarning: The occurrence of roundoff error is detected, which prevents 
  the requested tolerance from being achieved.  The error may be 
  underestimated.
  vFwNorm[vIntR[i]] = (integrate.quad(lambda x:  (dictDistr['randDistr'].pdf(x) * dictW['fW'](x, dictW['vParamsW'], vR[vIntR[i]]))**dAlpha, dictW['vParamsW']-vR[vIntR[i]], dictW['vParamsW']+vR[vIntR[i]],epsabs=1e-15, epsrel=1e-15, limit=100)[0])**(1/dAlpha)
/gpfs/home2/rdpunder/FinalTestingLSPS/Inflation/02Scores/ScoringRules.py:104: IntegrationWarning: The occurrence of roundoff error is detected, which prevents 
  the requested tolerance from being achieved.  The error may be 
  underestimated.
  vFwNorm[vIntR[i]] = (integrate.quad(lambda x:  (dictDistr['randDistr'].pdf(x) * dictW['fW'](x, dictW['vParamsW'], vR[vIntR[i]]))**dAlpha, dictW['vParamsW']-vR[vIntR[i]], dictW['vParamsW']+vR[vIntR[i]],epsabs=1e-15, epsrel=1e-15, limit=100)[0])**(1/dAlpha)
/gpfs/home2/rdpunder/FinalTestingLSPS/Inflation/02Scores/ScoringRules.py:104: IntegrationWarning: The occurrence of roundoff error is detected, which prevents 
  the requested tolerance from being achieved.  The error may be 
  underestimated.
  vFwNorm[vIntR[i]] = (integrate.quad(lambda x:  (dictDistr['randDistr'].pdf(x) * dictW['fW'](x, dictW['vParamsW'], vR[vIntR[i]]))**dAlpha, dictW['vParamsW']-vR[vIntR[i]], dictW['vParamsW']+vR[vIntR[i]],epsabs=1e-15, epsrel=1e-15, limit=100)[0])**(1/dAlpha)
/gpfs/home2/rdpunder/FinalTestingLSPS/Inflation/02Scores/ScoringRules.py:104: IntegrationWarning: The occurrence of roundoff error is detected, which prevents 
  the requested tolerance from being achieved.  The error may be 
  underestimated.
  vFwNorm[vIntR[i]] = (integrate.quad(lambda x:  (dictDistr['randDistr'].pdf(x) * dictW['fW'](x, dictW['vParamsW'], vR[vIntR[i]]))**dAlpha, dictW['vParamsW']-vR[vIntR[i]], dictW['vParamsW']+vR[vIntR[i]],epsabs=1e-15, epsrel=1e-15, limit=100)[0])**(1/dAlpha)
/gpfs/home2/rdpunder/FinalTestingLSPS/Inflation/02Scores/ScoringRules.py:104: IntegrationWarning: The occurrence of roundoff error is detected, which prevents 
  the requested tolerance from being achieved.  The error may be 
  underestimated.
  vFwNorm[vIntR[i]] = (integrate.quad(lambda x:  (dictDistr['randDistr'].pdf(x) * dictW['fW'](x, dictW['vParamsW'], vR[vIntR[i]]))**dAlpha, dictW['vParamsW']-vR[vIntR[i]], dictW['vParamsW']+vR[vIntR[i]],epsabs=1e-15, epsrel=1e-15, limit=100)[0])**(1/dAlpha)
/gpfs/home2/rdpunder/FinalTestingLSPS/Inflation/02Scores/ScoringRules.py:104: IntegrationWarning: The occurrence of roundoff error is detected, which prevents 
  the requested tolerance from being achieved.  The error may be 
  underestimated.
  vFwNorm[vIntR[i]] = (integrate.quad(lambda x:  (dictDistr['randDistr'].pdf(x) * dictW['fW'](x, dictW['vParamsW'], vR[vIntR[i]]))**dAlpha, dictW['vParamsW']-vR[vIntR[i]], dictW['vParamsW']+vR[vIntR[i]],epsabs=1e-15, epsrel=1e-15, limit=100)[0])**(1/dAlpha)
/gpfs/home2/rdpunder/FinalTestingLSPS/Inflation/02Scores/ScoringRules.py:104: IntegrationWarning: The occurrence of roundoff error is detected, which prevents 
  the requested tolerance from being achieved.  The error may be 
  underestimated.
  vFwNorm[vIntR[i]] = (integrate.quad(lambda x:  (dictDistr['randDistr'].pdf(x) * dictW['fW'](x, dictW['vParamsW'], vR[vIntR[i]]))**dAlpha, dictW['vParamsW']-vR[vIntR[i]], dictW['vParamsW']+vR[vIntR[i]],epsabs=1e-15, epsrel=1e-15, limit=100)[0])**(1/dAlpha)
/gpfs/home2/rdpunder/FinalTestingLSPS/Inflation/02Scores/ScoringRules.py:104: IntegrationWarning: The occurrence of roundoff error is detected, which prevents 
  the requested tolerance from being achieved.  The error may be 
  underestimated.
  vFwNorm[vIntR[i]] = (integrate.quad(lambda x:  (dictDistr['randDistr'].pdf(x) * dictW['fW'](x, dictW['vParamsW'], vR[vIntR[i]]))**dAlpha, dictW['vParamsW']-vR[vIntR[i]], dictW['vParamsW']+vR[vIntR[i]],epsabs=1e-15, epsrel=1e-15, limit=100)[0])**(1/dAlpha)
/gpfs/home2/rdpunder/FinalTestingLSPS/Inflation/02Scores/ScoringRules.py:104: IntegrationWarning: The occurrence of roundoff error is detected, which prevents 
  the requested tolerance from being achieved.  The error may be 
  underestimated.
  vFwNorm[vIntR[i]] = (integrate.quad(lambda x:  (dictDistr['randDistr'].pdf(x) * dictW['fW'](x, dictW['vParamsW'], vR[vIntR[i]]))**dAlpha, dictW['vParamsW']-vR[vIntR[i]], dictW['vParamsW']+vR[vIntR[i]],epsabs=1e-15, epsrel=1e-15, limit=100)[0])**(1/dAlpha)
/gpfs/home2/rdpunder/FinalTestingLSPS/Inflation/02Scores/ScoringRules.py:104: IntegrationWarning: The occurrence of roundoff error is detected, which prevents 
  the requested tolerance from being achieved.  The error may be 
  underestimated.
  vFwNorm[vIntR[i]] = (integrate.quad(lambda x:  (dictDistr['randDistr'].pdf(x) * dictW['fW'](x, dictW['vParamsW'], vR[vIntR[i]]))**dAlpha, dictW['vParamsW']-vR[vIntR[i]], dictW['vParamsW']+vR[vIntR[i]],epsabs=1e-15, epsrel=1e-15, limit=100)[0])**(1/dAlpha)
/gpfs/home2/rdpunder/FinalTestingLSPS/Inflation/02Scores/ScoringRules.py:104: IntegrationWarning: The occurrence of roundoff error is detected, which prevents 
  the requested tolerance from being achieved.  The error may be 
  underestimated.
  vFwNorm[vIntR[i]] = (integrate.quad(lambda x:  (dictDistr['randDistr'].pdf(x) * dictW['fW'](x, dictW['vParamsW'], vR[vIntR[i]]))**dAlpha, dictW['vParamsW']-vR[vIntR[i]], dictW['vParamsW']+vR[vIntR[i]],epsabs=1e-15, epsrel=1e-15, limit=100)[0])**(1/dAlpha)
/gpfs/home2/rdpunder/FinalTestingLSPS/Inflation/02Scores/ScoringRules.py:104: IntegrationWarning: The occurrence of roundoff error is detected, which prevents 
  the requested tolerance from being achieved.  The error may be 
  underestimated.
  vFwNorm[vIntR[i]] = (integrate.quad(lambda x:  (dictDistr['randDistr'].pdf(x) * dictW['fW'](x, dictW['vParamsW'], vR[vIntR[i]]))**dAlpha, dictW['vParamsW']-vR[vIntR[i]], dictW['vParamsW']+vR[vIntR[i]],epsabs=1e-15, epsrel=1e-15, limit=100)[0])**(1/dAlpha)
/gpfs/home2/rdpunder/FinalTestingLSPS/Inflation/02Scores/ScoringRules.py:104: IntegrationWarning: The occurrence of roundoff error is detected, which prevents 
  the requested tolerance from being achieved.  The error may be 
  underestimated.
  vFwNorm[vIntR[i]] = (integrate.quad(lambda x:  (dictDistr['randDistr'].pdf(x) * dictW['fW'](x, dictW['vParamsW'], vR[vIntR[i]]))**dAlpha, dictW['vParamsW']-vR[vIntR[i]], dictW['vParamsW']+vR[vIntR[i]],epsabs=1e-15, epsrel=1e-15, limit=100)[0])**(1/dAlpha)
/gpfs/home2/rdpunder/FinalTestingLSPS/Inflation/02Scores/ScoringRules.py:104: IntegrationWarning: The occurrence of roundoff error is detected, which prevents 
  the requested tolerance from being achieved.  The error may be 
  underestimated.
  vFwNorm[vIntR[i]] = (integrate.quad(lambda x:  (dictDistr['randDistr'].pdf(x) * dictW['fW'](x, dictW['vParamsW'], vR[vIntR[i]]))**dAlpha, dictW['vParamsW']-vR[vIntR[i]], dictW['vParamsW']+vR[vIntR[i]],epsabs=1e-15, epsrel=1e-15, limit=100)[0])**(1/dAlpha)
/gpfs/home2/rdpunder/FinalTestingLSPS/Inflation/02Scores/ScoringRules.py:104: IntegrationWarning: The occurrence of roundoff error is detected, which prevents 
  the requested tolerance from being achieved.  The error may be 
  underestimated.
  vFwNorm[vIntR[i]] = (integrate.quad(lambda x:  (dictDistr['randDistr'].pdf(x) * dictW['fW'](x, dictW['vParamsW'], vR[vIntR[i]]))**dAlpha, dictW['vParamsW']-vR[vIntR[i]], dictW['vParamsW']+vR[vIntR[i]],epsabs=1e-15, epsrel=1e-15, limit=100)[0])**(1/dAlpha)
/gpfs/home2/rdpunder/FinalTestingLSPS/Inflation/02Scores/ScoringRules.py:104: IntegrationWarning: The occurrence of roundoff error is detected, which prevents 
  the requested tolerance from being achieved.  The error may be 
  underestimated.
  vFwNorm[vIntR[i]] = (integrate.quad(lambda x:  (dictDistr['randDistr'].pdf(x) * dictW['fW'](x, dictW['vParamsW'], vR[vIntR[i]]))**dAlpha, dictW['vParamsW']-vR[vIntR[i]], dictW['vParamsW']+vR[vIntR[i]],epsabs=1e-15, epsrel=1e-15, limit=100)[0])**(1/dAlpha)
/gpfs/home2/rdpunder/FinalTestingLSPS/Inflation/02Scores/ScoringRules.py:104: IntegrationWarning: The occurrence of roundoff error is detected, which prevents 
  the requested tolerance from being achieved.  The error may be 
  underestimated.
  vFwNorm[vIntR[i]] = (integrate.quad(lambda x:  (dictDistr['randDistr'].pdf(x) * dictW['fW'](x, dictW['vParamsW'], vR[vIntR[i]]))**dAlpha, dictW['vParamsW']-vR[vIntR[i]], dictW['vParamsW']+vR[vIntR[i]],epsabs=1e-15, epsrel=1e-15, limit=100)[0])**(1/dAlpha)
/gpfs/home2/rdpunder/FinalTestingLSPS/Inflation/02Scores/ScoringRules.py:104: IntegrationWarning: The occurrence of roundoff error is detected, which prevents 
  the requested tolerance from being achieved.  The error may be 
  underestimated.
  vFwNorm[vIntR[i]] = (integrate.quad(lambda x:  (dictDistr['randDistr'].pdf(x) * dictW['fW'](x, dictW['vParamsW'], vR[vIntR[i]]))**dAlpha, dictW['vParamsW']-vR[vIntR[i]], dictW['vParamsW']+vR[vIntR[i]],epsabs=1e-15, epsrel=1e-15, limit=100)[0])**(1/dAlpha)
/gpfs/home2/rdpunder/FinalTestingLSPS/Inflation/02Scores/ScoringRules.py:104: IntegrationWarning: The occurrence of roundoff error is detected, which prevents 
  the requested tolerance from being achieved.  The error may be 
  underestimated.
  vFwNorm[vIntR[i]] = (integrate.quad(lambda x:  (dictDistr['randDistr'].pdf(x) * dictW['fW'](x, dictW['vParamsW'], vR[vIntR[i]]))**dAlpha, dictW['vParamsW']-vR[vIntR[i]], dictW['vParamsW']+vR[vIntR[i]],epsabs=1e-15, epsrel=1e-15, limit=100)[0])**(1/dAlpha)
/gpfs/home2/rdpunder/FinalTestingLSPS/Inflation/02Scores/ScoringRules.py:104: IntegrationWarning: The occurrence of roundoff error is detected, which prevents 
  the requested tolerance from being achieved.  The error may be 
  underestimated.
  vFwNorm[vIntR[i]] = (integrate.quad(lambda x:  (dictDistr['randDistr'].pdf(x) * dictW['fW'](x, dictW['vParamsW'], vR[vIntR[i]]))**dAlpha, dictW['vParamsW']-vR[vIntR[i]], dictW['vParamsW']+vR[vIntR[i]],epsabs=1e-15, epsrel=1e-15, limit=100)[0])**(1/dAlpha)
/gpfs/home2/rdpunder/FinalTestingLSPS/Inflation/02Scores/ScoringRules.py:104: IntegrationWarning: The occurrence of roundoff error is detected, which prevents 
  the requested tolerance from being achieved.  The error may be 
  underestimated.
  vFwNorm[vIntR[i]] = (integrate.quad(lambda x:  (dictDistr['randDistr'].pdf(x) * dictW['fW'](x, dictW['vParamsW'], vR[vIntR[i]]))**dAlpha, dictW['vParamsW']-vR[vIntR[i]], dictW['vParamsW']+vR[vIntR[i]],epsabs=1e-15, epsrel=1e-15, limit=100)[0])**(1/dAlpha)
/gpfs/home2/rdpunder/FinalTestingLSPS/Inflation/02Scores/ScoringRules.py:104: IntegrationWarning: The occurrence of roundoff error is detected, which prevents 
  the requested tolerance from being achieved.  The error may be 
  underestimated.
  vFwNorm[vIntR[i]] = (integrate.quad(lambda x:  (dictDistr['randDistr'].pdf(x) * dictW['fW'](x, dictW['vParamsW'], vR[vIntR[i]]))**dAlpha, dictW['vParamsW']-vR[vIntR[i]], dictW['vParamsW']+vR[vIntR[i]],epsabs=1e-15, epsrel=1e-15, limit=100)[0])**(1/dAlpha)
/gpfs/home2/rdpunder/FinalTestingLSPS/Inflation/02Scores/ScoringRules.py:104: IntegrationWarning: The occurrence of roundoff error is detected, which prevents 
  the requested tolerance from being achieved.  The error may be 
  underestimated.
  vFwNorm[vIntR[i]] = (integrate.quad(lambda x:  (dictDistr['randDistr'].pdf(x) * dictW['fW'](x, dictW['vParamsW'], vR[vIntR[i]]))**dAlpha, dictW['vParamsW']-vR[vIntR[i]], dictW['vParamsW']+vR[vIntR[i]],epsabs=1e-15, epsrel=1e-15, limit=100)[0])**(1/dAlpha)
/gpfs/home2/rdpunder/FinalTestingLSPS/Inflation/02Scores/ScoringRules.py:104: IntegrationWarning: The occurrence of roundoff error is detected, which prevents 
  the requested tolerance from being achieved.  The error may be 
  underestimated.
  vFwNorm[vIntR[i]] = (integrate.quad(lambda x:  (dictDistr['randDistr'].pdf(x) * dictW['fW'](x, dictW['vParamsW'], vR[vIntR[i]]))**dAlpha, dictW['vParamsW']-vR[vIntR[i]], dictW['vParamsW']+vR[vIntR[i]],epsabs=1e-15, epsrel=1e-15, limit=100)[0])**(1/dAlpha)
/gpfs/home2/rdpunder/FinalTestingLSPS/Inflation/02Scores/ScoringRules.py:104: IntegrationWarning: The occurrence of roundoff error is detected, which prevents 
  the requested tolerance from being achieved.  The error may be 
  underestimated.
  vFwNorm[vIntR[i]] = (integrate.quad(lambda x:  (dictDistr['randDistr'].pdf(x) * dictW['fW'](x, dictW['vParamsW'], vR[vIntR[i]]))**dAlpha, dictW['vParamsW']-vR[vIntR[i]], dictW['vParamsW']+vR[vIntR[i]],epsabs=1e-15, epsrel=1e-15, limit=100)[0])**(1/dAlpha)
/gpfs/home2/rdpunder/FinalTestingLSPS/Inflation/02Scores/ScoringRules.py:104: IntegrationWarning: The occurrence of roundoff error is detected, which prevents 
  the requested tolerance from being achieved.  The error may be 
  underestimated.
  vFwNorm[vIntR[i]] = (integrate.quad(lambda x:  (dictDistr['randDistr'].pdf(x) * dictW['fW'](x, dictW['vParamsW'], vR[vIntR[i]]))**dAlpha, dictW['vParamsW']-vR[vIntR[i]], dictW['vParamsW']+vR[vIntR[i]],epsabs=1e-15, epsrel=1e-15, limit=100)[0])**(1/dAlpha)
/gpfs/home2/rdpunder/FinalTestingLSPS/Inflation/02Scores/ScoringRules.py:104: IntegrationWarning: The occurrence of roundoff error is detected, which prevents 
  the requested tolerance from being achieved.  The error may be 
  underestimated.
  vFwNorm[vIntR[i]] = (integrate.quad(lambda x:  (dictDistr['randDistr'].pdf(x) * dictW['fW'](x, dictW['vParamsW'], vR[vIntR[i]]))**dAlpha, dictW['vParamsW']-vR[vIntR[i]], dictW['vParamsW']+vR[vIntR[i]],epsabs=1e-15, epsrel=1e-15, limit=100)[0])**(1/dAlpha)
/gpfs/home2/rdpunder/FinalTestingLSPS/Inflation/02Scores/ScoringRules.py:104: IntegrationWarning: The occurrence of roundoff error is detected, which prevents 
  the requested tolerance from being achieved.  The error may be 
  underestimated.
  vFwNorm[vIntR[i]] = (integrate.quad(lambda x:  (dictDistr['randDistr'].pdf(x) * dictW['fW'](x, dictW['vParamsW'], vR[vIntR[i]]))**dAlpha, dictW['vParamsW']-vR[vIntR[i]], dictW['vParamsW']+vR[vIntR[i]],epsabs=1e-15, epsrel=1e-15, limit=100)[0])**(1/dAlpha)
/gpfs/home2/rdpunder/FinalTestingLSPS/Inflation/02Scores/ScoringRules.py:104: IntegrationWarning: The occurrence of roundoff error is detected, which prevents 
  the requested tolerance from being achieved.  The error may be 
  underestimated.
  vFwNorm[vIntR[i]] = (integrate.quad(lambda x:  (dictDistr['randDistr'].pdf(x) * dictW['fW'](x, dictW['vParamsW'], vR[vIntR[i]]))**dAlpha, dictW['vParamsW']-vR[vIntR[i]], dictW['vParamsW']+vR[vIntR[i]],epsabs=1e-15, epsrel=1e-15, limit=100)[0])**(1/dAlpha)
/gpfs/home2/rdpunder/FinalTestingLSPS/Inflation/02Scores/ScoringRules.py:104: IntegrationWarning: The occurrence of roundoff error is detected, which prevents 
  the requested tolerance from being achieved.  The error may be 
  underestimated.
  vFwNorm[vIntR[i]] = (integrate.quad(lambda x:  (dictDistr['randDistr'].pdf(x) * dictW['fW'](x, dictW['vParamsW'], vR[vIntR[i]]))**dAlpha, dictW['vParamsW']-vR[vIntR[i]], dictW['vParamsW']+vR[vIntR[i]],epsabs=1e-15, epsrel=1e-15, limit=100)[0])**(1/dAlpha)
/gpfs/home2/rdpunder/FinalTestingLSPS/Inflation/02Scores/ScoringRules.py:104: IntegrationWarning: The occurrence of roundoff error is detected, which prevents 
  the requested tolerance from being achieved.  The error may be 
  underestimated.
  vFwNorm[vIntR[i]] = (integrate.quad(lambda x:  (dictDistr['randDistr'].pdf(x) * dictW['fW'](x, dictW['vParamsW'], vR[vIntR[i]]))**dAlpha, dictW['vParamsW']-vR[vIntR[i]], dictW['vParamsW']+vR[vIntR[i]],epsabs=1e-15, epsrel=1e-15, limit=100)[0])**(1/dAlpha)
/gpfs/home2/rdpunder/FinalTestingLSPS/Inflation/02Scores/ScoringRules.py:104: IntegrationWarning: The occurrence of roundoff error is detected, which prevents 
  the requested tolerance from being achieved.  The error may be 
  underestimated.
  vFwNorm[vIntR[i]] = (integrate.quad(lambda x:  (dictDistr['randDistr'].pdf(x) * dictW['fW'](x, dictW['vParamsW'], vR[vIntR[i]]))**dAlpha, dictW['vParamsW']-vR[vIntR[i]], dictW['vParamsW']+vR[vIntR[i]],epsabs=1e-15, epsrel=1e-15, limit=100)[0])**(1/dAlpha)
/gpfs/home2/rdpunder/FinalTestingLSPS/Inflation/02Scores/ScoringRules.py:104: IntegrationWarning: The occurrence of roundoff error is detected, which prevents 
  the requested tolerance from being achieved.  The error may be 
  underestimated.
  vFwNorm[vIntR[i]] = (integrate.quad(lambda x:  (dictDistr['randDistr'].pdf(x) * dictW['fW'](x, dictW['vParamsW'], vR[vIntR[i]]))**dAlpha, dictW['vParamsW']-vR[vIntR[i]], dictW['vParamsW']+vR[vIntR[i]],epsabs=1e-15, epsrel=1e-15, limit=100)[0])**(1/dAlpha)
/gpfs/home2/rdpunder/FinalTestingLSPS/Inflation/02Scores/ScoringRules.py:104: IntegrationWarning: The occurrence of roundoff error is detected, which prevents 
  the requested tolerance from being achieved.  The error may be 
  underestimated.
  vFwNorm[vIntR[i]] = (integrate.quad(lambda x:  (dictDistr['randDistr'].pdf(x) * dictW['fW'](x, dictW['vParamsW'], vR[vIntR[i]]))**dAlpha, dictW['vParamsW']-vR[vIntR[i]], dictW['vParamsW']+vR[vIntR[i]],epsabs=1e-15, epsrel=1e-15, limit=100)[0])**(1/dAlpha)
/gpfs/home2/rdpunder/FinalTestingLSPS/Inflation/02Scores/ScoringRules.py:104: IntegrationWarning: The occurrence of roundoff error is detected, which prevents 
  the requested tolerance from being achieved.  The error may be 
  underestimated.
  vFwNorm[vIntR[i]] = (integrate.quad(lambda x:  (dictDistr['randDistr'].pdf(x) * dictW['fW'](x, dictW['vParamsW'], vR[vIntR[i]]))**dAlpha, dictW['vParamsW']-vR[vIntR[i]], dictW['vParamsW']+vR[vIntR[i]],epsabs=1e-15, epsrel=1e-15, limit=100)[0])**(1/dAlpha)
/gpfs/home2/rdpunder/FinalTestingLSPS/Inflation/02Scores/ScoringRules.py:104: IntegrationWarning: The occurrence of roundoff error is detected, which prevents 
  the requested tolerance from being achieved.  The error may be 
  underestimated.
  vFwNorm[vIntR[i]] = (integrate.quad(lambda x:  (dictDistr['randDistr'].pdf(x) * dictW['fW'](x, dictW['vParamsW'], vR[vIntR[i]]))**dAlpha, dictW['vParamsW']-vR[vIntR[i]], dictW['vParamsW']+vR[vIntR[i]],epsabs=1e-15, epsrel=1e-15, limit=100)[0])**(1/dAlpha)
/gpfs/home2/rdpunder/FinalTestingLSPS/Inflation/02Scores/ScoringRules.py:104: IntegrationWarning: The occurrence of roundoff error is detected, which prevents 
  the requested tolerance from being achieved.  The error may be 
  underestimated.
  vFwNorm[vIntR[i]] = (integrate.quad(lambda x:  (dictDistr['randDistr'].pdf(x) * dictW['fW'](x, dictW['vParamsW'], vR[vIntR[i]]))**dAlpha, dictW['vParamsW']-vR[vIntR[i]], dictW['vParamsW']+vR[vIntR[i]],epsabs=1e-15, epsrel=1e-15, limit=100)[0])**(1/dAlpha)
/gpfs/home2/rdpunder/FinalTestingLSPS/Inflation/02Scores/ScoringRules.py:104: IntegrationWarning: The occurrence of roundoff error is detected, which prevents 
  the requested tolerance from being achieved.  The error may be 
  underestimated.
  vFwNorm[vIntR[i]] = (integrate.quad(lambda x:  (dictDistr['randDistr'].pdf(x) * dictW['fW'](x, dictW['vParamsW'], vR[vIntR[i]]))**dAlpha, dictW['vParamsW']-vR[vIntR[i]], dictW['vParamsW']+vR[vIntR[i]],epsabs=1e-15, epsrel=1e-15, limit=100)[0])**(1/dAlpha)
/gpfs/home2/rdpunder/FinalTestingLSPS/Inflation/02Scores/ScoringRules.py:104: IntegrationWarning: The occurrence of roundoff error is detected, which prevents 
  the requested tolerance from being achieved.  The error may be 
  underestimated.
  vFwNorm[vIntR[i]] = (integrate.quad(lambda x:  (dictDistr['randDistr'].pdf(x) * dictW['fW'](x, dictW['vParamsW'], vR[vIntR[i]]))**dAlpha, dictW['vParamsW']-vR[vIntR[i]], dictW['vParamsW']+vR[vIntR[i]],epsabs=1e-15, epsrel=1e-15, limit=100)[0])**(1/dAlpha)
/gpfs/home2/rdpunder/FinalTestingLSPS/Inflation/02Scores/ScoringRules.py:104: IntegrationWarning: The occurrence of roundoff error is detected, which prevents 
  the requested tolerance from being achieved.  The error may be 
  underestimated.
  vFwNorm[vIntR[i]] = (integrate.quad(lambda x:  (dictDistr['randDistr'].pdf(x) * dictW['fW'](x, dictW['vParamsW'], vR[vIntR[i]]))**dAlpha, dictW['vParamsW']-vR[vIntR[i]], dictW['vParamsW']+vR[vIntR[i]],epsabs=1e-15, epsrel=1e-15, limit=100)[0])**(1/dAlpha)
/gpfs/home2/rdpunder/FinalTestingLSPS/Inflation/02Scores/ScoringRules.py:104: IntegrationWarning: The occurrence of roundoff error is detected, which prevents 
  the requested tolerance from being achieved.  The error may be 
  underestimated.
  vFwNorm[vIntR[i]] = (integrate.quad(lambda x:  (dictDistr['randDistr'].pdf(x) * dictW['fW'](x, dictW['vParamsW'], vR[vIntR[i]]))**dAlpha, dictW['vParamsW']-vR[vIntR[i]], dictW['vParamsW']+vR[vIntR[i]],epsabs=1e-15, epsrel=1e-15, limit=100)[0])**(1/dAlpha)
/gpfs/home2/rdpunder/FinalTestingLSPS/Inflation/02Scores/ScoringRules.py:104: IntegrationWarning: The occurrence of roundoff error is detected, which prevents 
  the requested tolerance from being achieved.  The error may be 
  underestimated.
  vFwNorm[vIntR[i]] = (integrate.quad(lambda x:  (dictDistr['randDistr'].pdf(x) * dictW['fW'](x, dictW['vParamsW'], vR[vIntR[i]]))**dAlpha, dictW['vParamsW']-vR[vIntR[i]], dictW['vParamsW']+vR[vIntR[i]],epsabs=1e-15, epsrel=1e-15, limit=100)[0])**(1/dAlpha)
/gpfs/home2/rdpunder/FinalTestingLSPS/Inflation/02Scores/ScoringRules.py:104: IntegrationWarning: The occurrence of roundoff error is detected, which prevents 
  the requested tolerance from being achieved.  The error may be 
  underestimated.
  vFwNorm[vIntR[i]] = (integrate.quad(lambda x:  (dictDistr['randDistr'].pdf(x) * dictW['fW'](x, dictW['vParamsW'], vR[vIntR[i]]))**dAlpha, dictW['vParamsW']-vR[vIntR[i]], dictW['vParamsW']+vR[vIntR[i]],epsabs=1e-15, epsrel=1e-15, limit=100)[0])**(1/dAlpha)
/gpfs/home2/rdpunder/FinalTestingLSPS/Inflation/02Scores/ScoringRules.py:104: IntegrationWarning: The occurrence of roundoff error is detected, which prevents 
  the requested tolerance from being achieved.  The error may be 
  underestimated.
  vFwNorm[vIntR[i]] = (integrate.quad(lambda x:  (dictDistr['randDistr'].pdf(x) * dictW['fW'](x, dictW['vParamsW'], vR[vIntR[i]]))**dAlpha, dictW['vParamsW']-vR[vIntR[i]], dictW['vParamsW']+vR[vIntR[i]],epsabs=1e-15, epsrel=1e-15, limit=100)[0])**(1/dAlpha)
/gpfs/home2/rdpunder/FinalTestingLSPS/Inflation/02Scores/ScoringRules.py:104: IntegrationWarning: The occurrence of roundoff error is detected, which prevents 
  the requested tolerance from being achieved.  The error may be 
  underestimated.
  vFwNorm[vIntR[i]] = (integrate.quad(lambda x:  (dictDistr['randDistr'].pdf(x) * dictW['fW'](x, dictW['vParamsW'], vR[vIntR[i]]))**dAlpha, dictW['vParamsW']-vR[vIntR[i]], dictW['vParamsW']+vR[vIntR[i]],epsabs=1e-15, epsrel=1e-15, limit=100)[0])**(1/dAlpha)
/gpfs/home2/rdpunder/FinalTestingLSPS/Inflation/02Scores/ScoringRules.py:104: IntegrationWarning: The occurrence of roundoff error is detected, which prevents 
  the requested tolerance from being achieved.  The error may be 
  underestimated.
  vFwNorm[vIntR[i]] = (integrate.quad(lambda x:  (dictDistr['randDistr'].pdf(x) * dictW['fW'](x, dictW['vParamsW'], vR[vIntR[i]]))**dAlpha, dictW['vParamsW']-vR[vIntR[i]], dictW['vParamsW']+vR[vIntR[i]],epsabs=1e-15, epsrel=1e-15, limit=100)[0])**(1/dAlpha)
/gpfs/home2/rdpunder/FinalTestingLSPS/Inflation/02Scores/ScoringRules.py:104: IntegrationWarning: The occurrence of roundoff error is detected, which prevents 
  the requested tolerance from being achieved.  The error may be 
  underestimated.
  vFwNorm[vIntR[i]] = (integrate.quad(lambda x:  (dictDistr['randDistr'].pdf(x) * dictW['fW'](x, dictW['vParamsW'], vR[vIntR[i]]))**dAlpha, dictW['vParamsW']-vR[vIntR[i]], dictW['vParamsW']+vR[vIntR[i]],epsabs=1e-15, epsrel=1e-15, limit=100)[0])**(1/dAlpha)
/gpfs/home2/rdpunder/FinalTestingLSPS/Inflation/02Scores/ScoringRules.py:104: IntegrationWarning: The occurrence of roundoff error is detected, which prevents 
  the requested tolerance from being achieved.  The error may be 
  underestimated.
  vFwNorm[vIntR[i]] = (integrate.quad(lambda x:  (dictDistr['randDistr'].pdf(x) * dictW['fW'](x, dictW['vParamsW'], vR[vIntR[i]]))**dAlpha, dictW['vParamsW']-vR[vIntR[i]], dictW['vParamsW']+vR[vIntR[i]],epsabs=1e-15, epsrel=1e-15, limit=100)[0])**(1/dAlpha)
/gpfs/home2/rdpunder/FinalTestingLSPS/Inflation/02Scores/ScoringRules.py:104: IntegrationWarning: The occurrence of roundoff error is detected, which prevents 
  the requested tolerance from being achieved.  The error may be 
  underestimated.
  vFwNorm[vIntR[i]] = (integrate.quad(lambda x:  (dictDistr['randDistr'].pdf(x) * dictW['fW'](x, dictW['vParamsW'], vR[vIntR[i]]))**dAlpha, dictW['vParamsW']-vR[vIntR[i]], dictW['vParamsW']+vR[vIntR[i]],epsabs=1e-15, epsrel=1e-15, limit=100)[0])**(1/dAlpha)
/gpfs/home2/rdpunder/FinalTestingLSPS/Inflation/02Scores/ScoringRules.py:104: IntegrationWarning: The occurrence of roundoff error is detected, which prevents 
  the requested tolerance from being achieved.  The error may be 
  underestimated.
  vFwNorm[vIntR[i]] = (integrate.quad(lambda x:  (dictDistr['randDistr'].pdf(x) * dictW['fW'](x, dictW['vParamsW'], vR[vIntR[i]]))**dAlpha, dictW['vParamsW']-vR[vIntR[i]], dictW['vParamsW']+vR[vIntR[i]],epsabs=1e-15, epsrel=1e-15, limit=100)[0])**(1/dAlpha)
/gpfs/home2/rdpunder/FinalTestingLSPS/Inflation/02Scores/ScoringRules.py:104: IntegrationWarning: The occurrence of roundoff error is detected, which prevents 
  the requested tolerance from being achieved.  The error may be 
  underestimated.
  vFwNorm[vIntR[i]] = (integrate.quad(lambda x:  (dictDistr['randDistr'].pdf(x) * dictW['fW'](x, dictW['vParamsW'], vR[vIntR[i]]))**dAlpha, dictW['vParamsW']-vR[vIntR[i]], dictW['vParamsW']+vR[vIntR[i]],epsabs=1e-15, epsrel=1e-15, limit=100)[0])**(1/dAlpha)
/gpfs/home2/rdpunder/FinalTestingLSPS/Inflation/02Scores/ScoringRules.py:104: IntegrationWarning: The occurrence of roundoff error is detected, which prevents 
  the requested tolerance from being achieved.  The error may be 
  underestimated.
  vFwNorm[vIntR[i]] = (integrate.quad(lambda x:  (dictDistr['randDistr'].pdf(x) * dictW['fW'](x, dictW['vParamsW'], vR[vIntR[i]]))**dAlpha, dictW['vParamsW']-vR[vIntR[i]], dictW['vParamsW']+vR[vIntR[i]],epsabs=1e-15, epsrel=1e-15, limit=100)[0])**(1/dAlpha)
/gpfs/home2/rdpunder/FinalTestingLSPS/Inflation/02Scores/ScoringRules.py:104: IntegrationWarning: The occurrence of roundoff error is detected, which prevents 
  the requested tolerance from being achieved.  The error may be 
  underestimated.
  vFwNorm[vIntR[i]] = (integrate.quad(lambda x:  (dictDistr['randDistr'].pdf(x) * dictW['fW'](x, dictW['vParamsW'], vR[vIntR[i]]))**dAlpha, dictW['vParamsW']-vR[vIntR[i]], dictW['vParamsW']+vR[vIntR[i]],epsabs=1e-15, epsrel=1e-15, limit=100)[0])**(1/dAlpha)

JOB STATISTICS
==============
Job ID: 11951173
Cluster: snellius
User/Group: rdpunder/rdpunder
State: RUNNING
Nodes: 1
Cores per node: 128
CPU Utilized: 00:00:00
CPU Efficiency: 0.00% of 03:16:16 core-walltime
Job Wall-clock time: 00:01:32
Memory Utilized: 0.00 MB
Memory Efficiency: 0.00% of 224.00 GB (1.75 GB/core)
WARNING: Efficiency statistics can only be obtained after the job has ended as seff tool is based on the accounting database data.
